
ROM used:   318/8192 (4%)
            318/8192 (4%) including unused fragments

            0.4 Average locations per line
            4.9 Average locations per statement

RAM used:   16/368 (4%) at main() level
            26/368 (7%) worst case

Stack used: 2 worst case (0 in main + 2 for interrupts)
Stack size: 8

Lines Stmts  %   Files
----- ----- ---  -----
   92    65 100  main.c
   10     0   0  main.h
  671     0   0  ..\..\..\..\Program Files (x86)\PICC\Devices\16F877A.h
----- -----
  773    65 Total

Page ROM  %  RAM    Vol Diff  Functions:
---- --- --- ---    --- ----  ----------
0     20   6    1             @delay_ms1
0    227  71    4   2530  8.0  interrupt
0     24   8    0     67  1.2  MAIN
 Inline         0             @cinit1

Program metrics:
    Functions               2
    Statements              65
    Comments                119
    Volume (V)              2707
    Difficulty (D)          9.3
    Effort to implement (E) 25086
    Time to implement (T)   23 minutes
    Est Delivered Bugs (B)  0
    Cyclomatic Complexity   10
    Maintainability (MI)    47

 Segment     Used  Free
-----------  ----  ----
00000-00003     4  0  
00004-0002E    43  0  
0002F-007FF   271  1730  
00800-00FFF     0  2048  
01000-017FF     0  2048  
01800-01FFF     0  2048  



